<?xml version="1.0" encoding="UTF-8"?>
<!-- Generated by org.testng.reporters.JUnitReportReporter -->
<testsuite hostname="LAPTOP-0CB4UMLJ" failures="0" tests="1" name="scripts.Testcase1" time="11.797" errors="0" timestamp="2022-07-11T06:53:27 IST" skipped="0">
  <testcase classname="scripts.Testcase1" name="tc1" time="11.797"/>
  <system-out/>
</testsuite> <!-- scripts.Testcase1 -->
